<?xml version="1.0" encoding="UTF-8"?>
<!-- Generated by org.testng.reporters.JUnitReportReporter -->
<testsuite hostname="DESKTOP-PLAI3UQ" failures="0" tests="7" name="testCases.TC003_Login_DataDrivenTest" time="50.163" errors="0" timestamp="2024-10-20T10:16:45 IST" skipped="0">
  <testcase classname="testCases.TC003_Login_DataDrivenTest" name="Login_DataDrivenTest" time="10.932"/>
  <testcase classname="testCases.TC003_Login_DataDrivenTest" name="Login_DataDrivenTest" time="1.463"/>
  <testcase classname="testCases.TC003_Login_DataDrivenTest" name="Login_DataDrivenTest" time="11.264"/>
  <testcase classname="testCases.TC003_Login_DataDrivenTest" name="Login_DataDrivenTest" time="12.169"/>
  <testcase classname="testCases.TC003_Login_DataDrivenTest" name="Login_DataDrivenTest" time="11.044"/>
  <testcase classname="testCases.TC003_Login_DataDrivenTest" name="Login_DataDrivenTest" time="1.745"/>
  <testcase classname="testCases.TC003_Login_DataDrivenTest" name="Login_DataDrivenTest" time="1.546"/>
</testsuite> <!-- testCases.TC003_Login_DataDrivenTest -->
