<?xml version="1.0" encoding="UTF-8"?>
<!-- Generated by org.testng.reporters.JUnitReportReporter -->
<testsuite hostname="DESKTOP-PLAI3UQ" failures="0" tests="1" name="testCases.TC001_Tutorialsninja_AccountRegistration_Test" time="2.307" errors="0" timestamp="2024-10-25T17:35:48 IST" skipped="0">
  <testcase classname="testCases.TC001_Tutorialsninja_AccountRegistration_Test" name="Test_Account_Registration" time="2.307"/>
</testsuite> <!-- testCases.TC001_Tutorialsninja_AccountRegistration_Test -->
