<?xml version="1.0" encoding="UTF-8"?>
<!-- Generated by org.testng.reporters.JUnitReportReporter -->
<testsuite hostname="DESKTOP-PLAI3UQ" failures="0" tests="1" name="testCases.TC002_Tutorialsninja_Login_Test" time="1.616" errors="0" timestamp="2024-10-25T17:35:48 IST" skipped="0">
  <testcase classname="testCases.TC002_Tutorialsninja_Login_Test" name="Login_Test" time="1.616"/>
</testsuite> <!-- testCases.TC002_Tutorialsninja_Login_Test -->
